# JRE version: Java(TM) SE Runtime Environment (8.0_101-b13) (build 1.8.0_101-b13)
# Java VM: Java HotSpot(TM) 64-Bit Server VM (25.101-b13 mixed mode windows-amd64 compressed oops)
Heap:
 PSYoungGen      total 141824K, used 60515K [0x000000076b500000, 0x000000077ca00000, 0x00000007c0000000)
  eden space 131072K, 46% used [0x000000076b500000,0x000000076f018f68,0x0000000773500000)
  from space 10752K, 0% used [0x0000000773500000,0x0000000773500000,0x0000000773f80000)
  to   space 10752K, 0% used [0x000000077bf80000,0x000000077bf80000,0x000000077ca00000)
 ParOldGen       total 78336K, used 7476K [0x00000006c1e00000, 0x00000006c6a80000, 0x000000076b500000)
  object space 78336K, 9% used [0x00000006c1e00000,0x00000006c254d190,0x00000006c6a80000)
 Metaspace       used 21793K, capacity 22118K, committed 22272K, reserved 1069056K
  class space    used 2424K, capacity 2545K, committed 2560K, reserved 1048576K
GC Heap History (8 events):
Event: 0.946 GC heap before
{Heap before GC invocations=1 (full 0):
 PSYoungGen      total 76288K, used 65536K [0x000000076b500000, 0x0000000770a00000, 0x00000007c0000000)
  eden space 65536K, 100% used [0x000000076b500000,0x000000076f500000,0x000000076f500000)
  from space 10752K, 0% used [0x000000076ff80000,0x000000076ff80000,0x0000000770a00000)
  to   space 10752K, 0% used [0x000000076f500000,0x000000076f500000,0x000000076ff80000)
 ParOldGen       total 175104K, used 0K [0x00000006c1e00000, 0x00000006cc900000, 0x000000076b500000)
  object space 175104K, 0% used [0x00000006c1e00000,0x00000006c1e00000,0x00000006cc900000)
 Metaspace       used 10401K, capacity 10486K, committed 10752K, reserved 1058816K
  class space    used 1158K, capacity 1208K, committed 1280K, reserved 1048576K
Event: 0.963 GC heap after
Heap after GC invocations=1 (full 0):
 PSYoungGen      total 76288K, used 5933K [0x000000076b500000, 0x0000000774a00000, 0x00000007c0000000)
  eden space 65536K, 0% used [0x000000076b500000,0x000000076b500000,0x000000076f500000)
  from space 10752K, 55% used [0x000000076f500000,0x000000076facb650,0x000000076ff80000)
  to   space 10752K, 0% used [0x0000000773f80000,0x0000000773f80000,0x0000000774a00000)
 ParOldGen       total 175104K, used 8K [0x00000006c1e00000, 0x00000006cc900000, 0x000000076b500000)
  object space 175104K, 0% used [0x00000006c1e00000,0x00000006c1e02000,0x00000006cc900000)
 Metaspace       used 10401K, capacity 10486K, committed 10752K, reserved 1058816K
  class space    used 1158K, capacity 1208K, committed 1280K, reserved 1048576K
}
Event: 1.775 GC heap before
{Heap before GC invocations=2 (full 0):
 PSYoungGen      total 76288K, used 71469K [0x000000076b500000, 0x0000000774a00000, 0x00000007c0000000)
  eden space 65536K, 100% used [0x000000076b500000,0x000000076f500000,0x000000076f500000)
  from space 10752K, 55% used [0x000000076f500000,0x000000076facb650,0x000000076ff80000)
  to   space 10752K, 0% used [0x0000000773f80000,0x0000000773f80000,0x0000000774a00000)
 ParOldGen       total 175104K, used 8K [0x00000006c1e00000, 0x00000006cc900000, 0x000000076b500000)
  object space 175104K, 0% used [0x00000006c1e00000,0x00000006c1e02000,0x00000006cc900000)
 Metaspace       used 18084K, capacity 18414K, committed 18688K, reserved 1064960K
  class space    used 2171K, capacity 2269K, committed 2304K, reserved 1048576K
Event: 1.785 GC heap after
Heap after GC invocations=2 (full 0):
 PSYoungGen      total 141824K, used 9834K [0x000000076b500000, 0x0000000774a00000, 0x00000007c0000000)
  eden space 131072K, 0% used [0x000000076b500000,0x000000076b500000,0x0000000773500000)
  from space 10752K, 91% used [0x0000000773f80000,0x000000077491ab70,0x0000000774a00000)
  to   space 10752K, 0% used [0x0000000773500000,0x0000000773500000,0x0000000773f80000)
 ParOldGen       total 175104K, used 32K [0x00000006c1e00000, 0x00000006cc900000, 0x000000076b500000)
  object space 175104K, 0% used [0x00000006c1e00000,0x00000006c1e08000,0x00000006cc900000)
 Metaspace       used 18084K, capacity 18414K, committed 18688K, reserved 1064960K
  class space    used 2171K, capacity 2269K, committed 2304K, reserved 1048576K
}
Event: 43.234 GC heap before
{Heap before GC invocations=3 (full 0):
 PSYoungGen      total 141824K, used 77974K [0x000000076b500000, 0x0000000774a00000, 0x00000007c0000000)
  eden space 131072K, 51% used [0x000000076b500000,0x000000076f78ae68,0x0000000773500000)
  from space 10752K, 91% used [0x0000000773f80000,0x000000077491ab70,0x0000000774a00000)
  to   space 10752K, 0% used [0x0000000773500000,0x0000000773500000,0x0000000773f80000)
 ParOldGen       total 175104K, used 32K [0x00000006c1e00000, 0x00000006cc900000, 0x000000076b500000)
  object space 175104K, 0% used [0x00000006c1e00000,0x00000006c1e08000,0x00000006cc900000)
 Metaspace       used 20803K, capacity 21118K, committed 21248K, reserved 1069056K
  class space    used 2343K, capacity 2447K, committed 2560K, reserved 1048576K
Event: 43.248 GC heap after
Heap after GC invocations=3 (full 0):
 PSYoungGen      total 141824K, used 7560K [0x000000076b500000, 0x000000077ca00000, 0x00000007c0000000)
  eden space 131072K, 0% used [0x000000076b500000,0x000000076b500000,0x0000000773500000)
  from space 10752K, 70% used [0x0000000773500000,0x0000000773c622c0,0x0000000773f80000)
  to   space 10752K, 0% used [0x000000077bf80000,0x000000077bf80000,0x000000077ca00000)
 ParOldGen       total 175104K, used 128K [0x00000006c1e00000, 0x00000006cc900000, 0x000000076b500000)
  object space 175104K, 0% used [0x00000006c1e00000,0x00000006c1e20010,0x00000006cc900000)
 Metaspace       used 20803K, capacity 21118K, committed 21248K, reserved 1069056K
  class space    used 2343K, capacity 2447K, committed 2560K, reserved 1048576K
}
Event: 43.248 GC heap before
{Heap before GC invocations=4 (full 1):
 PSYoungGen      total 141824K, used 7560K [0x000000076b500000, 0x000000077ca00000, 0x00000007c0000000)
  eden space 131072K, 0% used [0x000000076b500000,0x000000076b500000,0x0000000773500000)
  from space 10752K, 70% used [0x0000000773500000,0x0000000773c622c0,0x0000000773f80000)
  to   space 10752K, 0% used [0x000000077bf80000,0x000000077bf80000,0x000000077ca00000)
 ParOldGen       total 175104K, used 128K [0x00000006c1e00000, 0x00000006cc900000, 0x000000076b500000)
  object space 175104K, 0% used [0x00000006c1e00000,0x00000006c1e20010,0x00000006cc900000)
 Metaspace       used 20803K, capacity 21118K, committed 21248K, reserved 1069056K
  class space    used 2343K, capacity 2447K, committed 2560K, reserved 1048576K
Event: 43.284 GC heap after
Heap after GC invocations=4 (full 1):
 PSYoungGen      total 141824K, used 0K [0x000000076b500000, 0x000000077ca00000, 0x00000007c0000000)
  eden space 131072K, 0% used [0x000000076b500000,0x000000076b500000,0x0000000773500000)
  from space 10752K, 0% used [0x0000000773500000,0x0000000773500000,0x0000000773f80000)
  to   space 10752K, 0% used [0x000000077bf80000,0x000000077bf80000,0x000000077ca00000)
 ParOldGen       total 78336K, used 7476K [0x00000006c1e00000, 0x00000006c6a80000, 0x000000076b500000)
  object space 78336K, 9% used [0x00000006c1e00000,0x00000006c254d190,0x00000006c6a80000)
 Metaspace       used 20803K, capacity 21118K, committed 21248K, reserved 1069056K
  class space    used 2343K, capacity 2447K, committed 2560K, reserved 1048576K
}

